<?xml version="1.0" encoding="UTF-8"?>
<!-- Generated by org.testng.reporters.JUnitReportReporter -->
<testsuite hostname="LAPTOP-SIV6G31D" failures="0" tests="1" name="com.shopperStack_Himanshu.TestScript.Tc_002_Delete_Add_Address" time="33.283" errors="0" timestamp="2025-01-06T11:21:15 IST" skipped="0">
  <testcase classname="com.shopperStack_Himanshu.TestScript.Tc_002_Delete_Add_Address" name="deteleaddress" time="33.283"/>
</testsuite> <!-- com.shopperStack_Himanshu.TestScript.Tc_002_Delete_Add_Address -->
