<?xml version="1.0" encoding="UTF-8"?>
<!-- Generated by org.testng.reporters.JUnitReportReporter -->
<testsuite hostname="LAPTOP-SIV6G31D" failures="0" tests="1" name="com.shopperStack_Himanshu.TestScript.Tc_001_Verify_User_Is_Able_To_Add_Address_OR_Not" time="36.205" errors="0" timestamp="2025-01-02T12:47:03 IST" skipped="0">
  <testcase classname="com.shopperStack_Himanshu.TestScript.Tc_001_Verify_User_Is_Able_To_Add_Address_OR_Not" name="addAddress" time="36.205"/>
</testsuite> <!-- com.shopperStack_Himanshu.TestScript.Tc_001_Verify_User_Is_Able_To_Add_Address_OR_Not -->
